\BOOKMARK [1][-]{section.1}{\376\377\174\373\176\337\145\271\150\110}{}% 1
\BOOKMARK [2][-]{subsection.1.1}{\376\377\174\373\176\337\140\073\117\123\213\276\213\241}{section.1}% 2
\BOOKMARK [2][-]{subsection.1.2}{\376\377\176\257\152\041\142\337\150\300\155\113\145\271\150\110}{section.1}% 3
\BOOKMARK [3][-]{subsubsection.1.2.1}{\376\377\152\041\127\127\000A\377\032\000T\000X\000D\177\023\121\262\116\016\154\342\137\142\145\164\137\142}{subsection.1.2}% 4
\BOOKMARK [3][-]{subsubsection.1.2.2}{\376\377\152\041\127\127\000B\377\032\136\047\155\073\122\250\150\300\155\113\116\016\000B\000U\000S\000Y\165\037\142\020}{subsection.1.2}% 5
\BOOKMARK [3][-]{subsubsection.1.2.3}{\376\377\152\041\127\127\000C\377\032\136\047\225\177\171\357\122\006\116\016\165\065\123\213\117\335\143\001}{subsection.1.2}% 6
\BOOKMARK [3][-]{subsubsection.1.2.4}{\376\377\152\041\127\127\000D\377\032\126\333\226\010\120\074\153\324\217\203\116\016\000L\000E\000D\146\076\171\072}{subsection.1.2}% 7
\BOOKMARK [2][-]{subsection.1.3}{\376\377\123\125\162\107\147\072\145\271\150\110}{section.1}% 8
\BOOKMARK [1][-]{section.2}{\376\377\174\373\176\337\164\006\213\272\122\006\147\220\116\016\213\241\173\227}{}% 9
\BOOKMARK [2][-]{subsection.2.1}{\376\377\000U\000A\000R\000T\136\047\225\177\116\016\123\321\220\001\145\366\225\364}{section.2}% 10
\BOOKMARK [2][-]{subsection.2.2}{\376\377\152\041\127\127\000A\217\223\121\145\215\037\217\175\116\016\145\164\137\142\200\375\122\233}{section.2}% 11
\BOOKMARK [2][-]{subsection.2.3}{\376\377\152\041\127\127\000B\123\005\176\334\123\302\145\160\116\016\000B\000U\000S\000Y\221\312\145\076\145\366\225\364}{section.2}% 12
\BOOKMARK [2][-]{subsection.2.4}{\376\377\152\041\127\127\000C\171\357\122\006\152\041\127\213}{section.2}% 13
\BOOKMARK [2][-]{subsection.2.5}{\376\377\126\333\150\143\226\010\120\074\213\241\173\227\116\016\150\041\121\306}{section.2}% 14
\BOOKMARK [2][-]{subsection.2.6}{\376\377\000L\000E\000D\217\223\121\372\165\065\155\101}{section.2}% 15
\BOOKMARK [2][-]{subsection.2.7}{\376\377\126\376\120\317\161\265\120\074\213\241\173\227\123\237\164\006}{section.2}% 16
\BOOKMARK [2][-]{subsection.2.8}{\376\377\225\355\167\074\150\300\155\113\173\227\154\325\123\237\164\006}{section.2}% 17
\BOOKMARK [1][-]{section.3}{\376\377\165\065\215\357\116\016\172\013\136\217\213\276\213\241}{}% 18
\BOOKMARK [2][-]{subsection.3.1}{\376\377\152\041\142\337\150\300\155\113\165\065\215\357\140\073\217\360}{section.3}% 19
\BOOKMARK [2][-]{subsection.3.2}{\376\377\152\041\127\127\000A\165\065\215\357\377\032\177\023\121\262\116\016\145\164\137\142}{section.3}% 20
\BOOKMARK [2][-]{subsection.3.3}{\376\377\152\041\127\127\000B\165\065\215\357\377\032\000B\000U\000S\000Y\143\320\123\326}{section.3}% 21
\BOOKMARK [2][-]{subsection.3.4}{\376\377\152\041\127\127\000C\165\065\215\357\377\032\131\015\117\115\171\357\122\006\116\016\177\023\121\262}{section.3}% 22
\BOOKMARK [2][-]{subsection.3.5}{\376\377\152\041\127\127\000D\165\065\215\357\377\032\126\333\150\143\153\324\217\203\116\016\146\076\171\072}{section.3}% 23
\BOOKMARK [2][-]{subsection.3.6}{\376\377\165\065\156\220\116\016\0002\000.\0005\000\040\000V\127\372\121\306}{section.3}% 24
\BOOKMARK [2][-]{subsection.3.7}{\376\377\121\163\225\056\126\150\116\366\116\016\123\302\145\160\154\107\140\073}{section.3}% 25
\BOOKMARK [2][-]{subsection.3.8}{\376\377\000S\000T\000M\0003\0002\172\013\136\217\213\276\213\241}{section.3}% 26
\BOOKMARK [2][-]{subsection.3.9}{\376\377\202\257\162\107\117\177\165\050\176\337\213\241}{section.3}% 27
\BOOKMARK [1][-]{section.4}{\376\377\155\113\213\325\145\271\150\110\116\016\155\113\213\325\176\323\147\234}{}% 28
\BOOKMARK [2][-]{subsection.4.1}{\376\377\152\041\142\337\150\300\155\113\155\113\213\325}{section.4}% 29
\BOOKMARK [2][-]{subsection.4.2}{\376\377\000S\000T\000M\0003\0002\126\376\120\317\146\076\171\072\155\113\213\325}{section.4}% 30
\BOOKMARK [2][-]{subsection.4.3}{\376\377\225\355\167\074\150\300\155\113\155\113\213\325}{section.4}% 31
\BOOKMARK [1][-]{section.5}{\376\377\176\323\213\272}{}% 32
